<?xml version="1.0" encoding="UTF-8"?>
<!-- Generated by org.testng.reporters.JUnitXMLReporter -->
<testsuite ignored="8" hostname="DESKTOP-O29M3KL" failures="1" tests="3" name="Test" time="29.924" errors="0" timestamp="2025-07-23T16:29:04 IST">
  <testcase classname="testcases.HardAssert" name="createcampaign" time="6.099"/>
  <testcase classname="testcases.softassert" name="createcampaign" time="5.658"/>
  <testcase classname="testcases.Assertcamstatusbase" name="campaignstatus" time="6.027">
    <failure type="java.lang.AssertionError" message="expected [charan charan312498 successfully Added] but found [Campaign charan Successfully Added]">
      <![CDATA[java.lang.AssertionError: expected [charan charan312498 successfully Added] but found [Campaign charan Successfully Added]
at testcases.Assertcamstatusbase.campaignstatus(Assertcamstatusbase.java:48)
at java.base/java.util.ArrayList.forEach(ArrayList.java:1597)
... Removed 31 stack frames]]>
    </failure>
  </testcase> <!-- campaignstatus -->
  <testcase classname="baseClass.BaseClass" name="@AfterTest aftertest" time="0.0">
    <ignored/>
  </testcase> <!-- @AfterTest aftertest -->
  <testcase classname="baseClass.BaseClass" name="@BeforeSuite beforesuite" time="0.0">
    <ignored/>
  </testcase> <!-- @BeforeSuite beforesuite -->
  <testcase classname="baseClass.BaseClass" name="@BeforeTest beforetest" time="0.0">
    <ignored/>
  </testcase> <!-- @BeforeTest beforetest -->
  <testcase classname="baseClass.BaseClass" name="@BeforeTest beforetest" time="0.0">
    <ignored/>
  </testcase> <!-- @BeforeTest beforetest -->
  <testcase classname="baseClass.BaseClass" name="@AfterTest aftertest" time="0.0">
    <ignored/>
  </testcase> <!-- @AfterTest aftertest -->
  <testcase classname="baseClass.BaseClass" name="@AfterSuite aftersuite" time="0.0">
    <ignored/>
  </testcase> <!-- @AfterSuite aftersuite -->
  <testcase classname="baseClass.BaseClass" name="@AfterSuite aftersuite" time="0.0">
    <ignored/>
  </testcase> <!-- @AfterSuite aftersuite -->
  <testcase classname="baseClass.BaseClass" name="@BeforeSuite beforesuite" time="0.0">
    <ignored/>
  </testcase> <!-- @BeforeSuite beforesuite -->
</testsuite> <!-- Test -->
